2025-04-07T00:04:21.355+05:30  INFO 3958 --- [Food-Donation-App] [main] c.f.app.FoodDonationAppApplication       : Starting FoodDonationAppApplication using Java 17.0.9 with PID 3958 (/Users/alisterclietus/Freelancing/Food-Donation-App/target/classes started by alisterclietus in /Users/alisterclietus/Freelancing/Food-Donation-App)
2025-04-07T00:04:21.357+05:30  INFO 3958 --- [Food-Donation-App] [main] c.f.app.FoodDonationAppApplication       : No active profile set, falling back to 1 default profile: "default"
2025-04-07T00:04:21.609+05:30  INFO 3958 --- [Food-Donation-App] [main] .s.d.r.c.RepositoryConfigurationDelegate : Bootstrapping Spring Data JPA repositories in DEFAULT mode.
2025-04-07T00:04:21.633+05:30  INFO 3958 --- [Food-Donation-App] [main] .s.d.r.c.RepositoryConfigurationDelegate : Finished Spring Data repository scanning in 20 ms. Found 3 JPA repository interfaces.
2025-04-07T00:04:21.805+05:30  INFO 3958 --- [Food-Donation-App] [main] o.s.b.w.embedded.tomcat.TomcatWebServer  : Tomcat initialized with port 8080 (http)
2025-04-07T00:04:21.810+05:30  INFO 3958 --- [Food-Donation-App] [main] o.apache.catalina.core.StandardService   : Starting service [Tomcat]
2025-04-07T00:04:21.810+05:30  INFO 3958 --- [Food-Donation-App] [main] o.apache.catalina.core.StandardEngine    : Starting Servlet engine: [Apache Tomcat/10.1.39]
2025-04-07T00:04:21.826+05:30  INFO 3958 --- [Food-Donation-App] [main] o.a.c.c.C.[Tomcat].[localhost].[/]       : Initializing Spring embedded WebApplicationContext
2025-04-07T00:04:21.826+05:30  INFO 3958 --- [Food-Donation-App] [main] w.s.c.ServletWebServerApplicationContext : Root WebApplicationContext: initialization completed in 455 ms
2025-04-07T00:04:21.874+05:30  INFO 3958 --- [Food-Donation-App] [main] o.hibernate.jpa.internal.util.LogHelper  : HHH000204: Processing PersistenceUnitInfo [name: default]
2025-04-07T00:04:21.889+05:30  INFO 3958 --- [Food-Donation-App] [main] org.hibernate.Version                    : HHH000412: Hibernate ORM core version 6.6.11.Final
2025-04-07T00:04:21.899+05:30  INFO 3958 --- [Food-Donation-App] [main] o.h.c.internal.RegionFactoryInitiator    : HHH000026: Second-level cache disabled
2025-04-07T00:04:21.999+05:30  INFO 3958 --- [Food-Donation-App] [main] o.s.o.j.p.SpringPersistenceUnitInfo      : No LoadTimeWeaver setup: ignoring JPA class transformer
2025-04-07T00:04:22.009+05:30  INFO 3958 --- [Food-Donation-App] [main] com.zaxxer.hikari.HikariDataSource       : HikariPool-1 - Starting...
2025-04-07T00:04:22.093+05:30  INFO 3958 --- [Food-Donation-App] [main] com.zaxxer.hikari.pool.HikariPool        : HikariPool-1 - Added connection org.postgresql.jdbc.PgConnection@50bf795f
2025-04-07T00:04:22.094+05:30  INFO 3958 --- [Food-Donation-App] [main] com.zaxxer.hikari.HikariDataSource       : HikariPool-1 - Start completed.
2025-04-07T00:04:22.144+05:30  INFO 3958 --- [Food-Donation-App] [main] org.hibernate.orm.connections.pooling    : HHH10001005: Database info:
	Database JDBC URL [Connecting through datasource 'HikariDataSource (HikariPool-1)']
	Database driver: undefined/unknown
	Database version: 16.2
	Autocommit mode: undefined/unknown
	Isolation level: undefined/unknown
	Minimum pool size: undefined/unknown
	Maximum pool size: undefined/unknown
2025-04-07T00:04:22.427+05:30  INFO 3958 --- [Food-Donation-App] [main] o.h.e.t.j.p.i.JtaPlatformInitiator       : HHH000489: No JTA platform available (set 'hibernate.transaction.jta.platform' to enable JTA platform integration)
2025-04-07T00:04:22.483+05:30  INFO 3958 --- [Food-Donation-App] [main] j.LocalContainerEntityManagerFactoryBean : Initialized JPA EntityManagerFactory for persistence unit 'default'
2025-04-07T00:04:22.705+05:30  INFO 3958 --- [Food-Donation-App] [main] o.s.b.w.embedded.tomcat.TomcatWebServer  : Tomcat started on port 8080 (http) with context path '/'
2025-04-07T00:04:22.710+05:30  INFO 3958 --- [Food-Donation-App] [main] c.f.app.FoodDonationAppApplication       : Started FoodDonationAppApplication in 1.497 seconds (process running for 1.788)
2025-04-07T00:07:11.883+05:30  INFO 3958 --- [Food-Donation-App] [RMI TCP Connection(11)-127.0.0.1] inMXBeanRegistrar$SpringApplicationAdmin : Application shutdown requested.
2025-04-07T00:07:11.896+05:30  INFO 3958 --- [Food-Donation-App] [RMI TCP Connection(11)-127.0.0.1] o.s.b.w.e.tomcat.GracefulShutdown        : Commencing graceful shutdown. Waiting for active requests to complete
2025-04-07T00:07:11.901+05:30  INFO 3958 --- [Food-Donation-App] [tomcat-shutdown] o.s.b.w.e.tomcat.GracefulShutdown        : Graceful shutdown complete
2025-04-07T00:07:11.906+05:30  INFO 3958 --- [Food-Donation-App] [RMI TCP Connection(11)-127.0.0.1] j.LocalContainerEntityManagerFactoryBean : Closing JPA EntityManagerFactory for persistence unit 'default'
2025-04-07T00:07:11.909+05:30  INFO 3958 --- [Food-Donation-App] [RMI TCP Connection(11)-127.0.0.1] com.zaxxer.hikari.HikariDataSource       : HikariPool-1 - Shutdown initiated...
2025-04-07T00:07:11.911+05:30  INFO 3958 --- [Food-Donation-App] [RMI TCP Connection(11)-127.0.0.1] com.zaxxer.hikari.HikariDataSource       : HikariPool-1 - Shutdown completed.
2025-04-07T00:07:12.961+05:30  INFO 4500 --- [Food-Donation-App] [main] c.f.app.FoodDonationAppApplication       : Starting FoodDonationAppApplication using Java 17.0.9 with PID 4500 (/Users/alisterclietus/Freelancing/Food-Donation-App/target/classes started by alisterclietus in /Users/alisterclietus/Freelancing/Food-Donation-App)
2025-04-07T00:07:12.963+05:30  INFO 4500 --- [Food-Donation-App] [main] c.f.app.FoodDonationAppApplication       : No active profile set, falling back to 1 default profile: "default"
2025-04-07T00:07:13.214+05:30  INFO 4500 --- [Food-Donation-App] [main] .s.d.r.c.RepositoryConfigurationDelegate : Bootstrapping Spring Data JPA repositories in DEFAULT mode.
2025-04-07T00:07:13.237+05:30  INFO 4500 --- [Food-Donation-App] [main] .s.d.r.c.RepositoryConfigurationDelegate : Finished Spring Data repository scanning in 19 ms. Found 3 JPA repository interfaces.
2025-04-07T00:07:13.423+05:30  INFO 4500 --- [Food-Donation-App] [main] o.s.b.w.embedded.tomcat.TomcatWebServer  : Tomcat initialized with port 8080 (http)
2025-04-07T00:07:13.430+05:30  INFO 4500 --- [Food-Donation-App] [main] o.apache.catalina.core.StandardService   : Starting service [Tomcat]
2025-04-07T00:07:13.430+05:30  INFO 4500 --- [Food-Donation-App] [main] o.apache.catalina.core.StandardEngine    : Starting Servlet engine: [Apache Tomcat/10.1.39]
2025-04-07T00:07:13.449+05:30  INFO 4500 --- [Food-Donation-App] [main] o.a.c.c.C.[Tomcat].[localhost].[/]       : Initializing Spring embedded WebApplicationContext
2025-04-07T00:07:13.449+05:30  INFO 4500 --- [Food-Donation-App] [main] w.s.c.ServletWebServerApplicationContext : Root WebApplicationContext: initialization completed in 470 ms
2025-04-07T00:07:13.509+05:30  INFO 4500 --- [Food-Donation-App] [main] o.hibernate.jpa.internal.util.LogHelper  : HHH000204: Processing PersistenceUnitInfo [name: default]
2025-04-07T00:07:13.538+05:30  INFO 4500 --- [Food-Donation-App] [main] org.hibernate.Version                    : HHH000412: Hibernate ORM core version 6.6.11.Final
2025-04-07T00:07:13.552+05:30  INFO 4500 --- [Food-Donation-App] [main] o.h.c.internal.RegionFactoryInitiator    : HHH000026: Second-level cache disabled
2025-04-07T00:07:13.662+05:30  INFO 4500 --- [Food-Donation-App] [main] o.s.o.j.p.SpringPersistenceUnitInfo      : No LoadTimeWeaver setup: ignoring JPA class transformer
2025-04-07T00:07:13.677+05:30  INFO 4500 --- [Food-Donation-App] [main] com.zaxxer.hikari.HikariDataSource       : HikariPool-1 - Starting...
2025-04-07T00:07:13.766+05:30  INFO 4500 --- [Food-Donation-App] [main] com.zaxxer.hikari.pool.HikariPool        : HikariPool-1 - Added connection org.postgresql.jdbc.PgConnection@7de6549d
2025-04-07T00:07:13.767+05:30  INFO 4500 --- [Food-Donation-App] [main] com.zaxxer.hikari.HikariDataSource       : HikariPool-1 - Start completed.
2025-04-07T00:07:13.808+05:30  INFO 4500 --- [Food-Donation-App] [main] org.hibernate.orm.connections.pooling    : HHH10001005: Database info:
	Database JDBC URL [Connecting through datasource 'HikariDataSource (HikariPool-1)']
	Database driver: undefined/unknown
	Database version: 16.2
	Autocommit mode: undefined/unknown
	Isolation level: undefined/unknown
	Minimum pool size: undefined/unknown
	Maximum pool size: undefined/unknown
2025-04-07T00:07:14.133+05:30  INFO 4500 --- [Food-Donation-App] [main] o.h.e.t.j.p.i.JtaPlatformInitiator       : HHH000489: No JTA platform available (set 'hibernate.transaction.jta.platform' to enable JTA platform integration)
2025-04-07T00:07:14.168+05:30  INFO 4500 --- [Food-Donation-App] [main] j.LocalContainerEntityManagerFactoryBean : Initialized JPA EntityManagerFactory for persistence unit 'default'
2025-04-07T00:07:14.420+05:30  INFO 4500 --- [Food-Donation-App] [main] o.s.b.w.embedded.tomcat.TomcatWebServer  : Tomcat started on port 8080 (http) with context path '/'
2025-04-07T00:07:14.425+05:30  INFO 4500 --- [Food-Donation-App] [main] c.f.app.FoodDonationAppApplication       : Started FoodDonationAppApplication in 1.632 seconds (process running for 1.956)
2025-04-07T00:10:15.958+05:30  INFO 4500 --- [Food-Donation-App] [http-nio-0.0.0.0-8080-exec-1] o.a.c.c.C.[Tomcat].[localhost].[/]       : Initializing Spring DispatcherServlet 'dispatcherServlet'
2025-04-07T00:10:15.959+05:30  INFO 4500 --- [Food-Donation-App] [http-nio-0.0.0.0-8080-exec-1] o.s.web.servlet.DispatcherServlet        : Initializing Servlet 'dispatcherServlet'
2025-04-07T00:10:15.969+05:30  INFO 4500 --- [Food-Donation-App] [http-nio-0.0.0.0-8080-exec-1] o.s.web.servlet.DispatcherServlet        : Completed initialization in 10 ms
2025-04-07T00:18:49.686+05:30  INFO 4500 --- [Food-Donation-App] [RMI TCP Connection(21)-127.0.0.1] inMXBeanRegistrar$SpringApplicationAdmin : Application shutdown requested.
2025-04-07T00:18:49.708+05:30  INFO 4500 --- [Food-Donation-App] [RMI TCP Connection(21)-127.0.0.1] o.s.b.w.e.tomcat.GracefulShutdown        : Commencing graceful shutdown. Waiting for active requests to complete
2025-04-07T00:18:49.713+05:30  INFO 4500 --- [Food-Donation-App] [tomcat-shutdown] o.s.b.w.e.tomcat.GracefulShutdown        : Graceful shutdown complete
2025-04-07T00:18:49.726+05:30  INFO 4500 --- [Food-Donation-App] [RMI TCP Connection(21)-127.0.0.1] j.LocalContainerEntityManagerFactoryBean : Closing JPA EntityManagerFactory for persistence unit 'default'
2025-04-07T00:18:49.733+05:30  INFO 4500 --- [Food-Donation-App] [RMI TCP Connection(21)-127.0.0.1] com.zaxxer.hikari.HikariDataSource       : HikariPool-1 - Shutdown initiated...
2025-04-07T00:18:49.736+05:30  INFO 4500 --- [Food-Donation-App] [RMI TCP Connection(21)-127.0.0.1] com.zaxxer.hikari.HikariDataSource       : HikariPool-1 - Shutdown completed.
2025-04-07T00:18:50.780+05:30  INFO 6102 --- [Food-Donation-App] [main] c.f.app.FoodDonationAppApplication       : Starting FoodDonationAppApplication using Java 17.0.9 with PID 6102 (/Users/alisterclietus/Freelancing/Food-Donation-App/target/classes started by alisterclietus in /Users/alisterclietus/Freelancing/Food-Donation-App)
2025-04-07T00:18:50.781+05:30  INFO 6102 --- [Food-Donation-App] [main] c.f.app.FoodDonationAppApplication       : No active profile set, falling back to 1 default profile: "default"
2025-04-07T00:18:51.033+05:30  INFO 6102 --- [Food-Donation-App] [main] .s.d.r.c.RepositoryConfigurationDelegate : Bootstrapping Spring Data JPA repositories in DEFAULT mode.
2025-04-07T00:18:51.056+05:30  INFO 6102 --- [Food-Donation-App] [main] .s.d.r.c.RepositoryConfigurationDelegate : Finished Spring Data repository scanning in 19 ms. Found 3 JPA repository interfaces.
2025-04-07T00:18:51.231+05:30  INFO 6102 --- [Food-Donation-App] [main] o.s.b.w.embedded.tomcat.TomcatWebServer  : Tomcat initialized with port 8080 (http)
2025-04-07T00:18:51.237+05:30  INFO 6102 --- [Food-Donation-App] [main] o.apache.catalina.core.StandardService   : Starting service [Tomcat]
2025-04-07T00:18:51.237+05:30  INFO 6102 --- [Food-Donation-App] [main] o.apache.catalina.core.StandardEngine    : Starting Servlet engine: [Apache Tomcat/10.1.39]
2025-04-07T00:18:51.256+05:30  INFO 6102 --- [Food-Donation-App] [main] o.a.c.c.C.[Tomcat].[localhost].[/]       : Initializing Spring embedded WebApplicationContext
2025-04-07T00:18:51.256+05:30  INFO 6102 --- [Food-Donation-App] [main] w.s.c.ServletWebServerApplicationContext : Root WebApplicationContext: initialization completed in 458 ms
2025-04-07T00:18:51.316+05:30  INFO 6102 --- [Food-Donation-App] [main] o.hibernate.jpa.internal.util.LogHelper  : HHH000204: Processing PersistenceUnitInfo [name: default]
2025-04-07T00:18:51.343+05:30  INFO 6102 --- [Food-Donation-App] [main] org.hibernate.Version                    : HHH000412: Hibernate ORM core version 6.6.11.Final
2025-04-07T00:18:51.356+05:30  INFO 6102 --- [Food-Donation-App] [main] o.h.c.internal.RegionFactoryInitiator    : HHH000026: Second-level cache disabled
2025-04-07T00:18:51.460+05:30  INFO 6102 --- [Food-Donation-App] [main] o.s.o.j.p.SpringPersistenceUnitInfo      : No LoadTimeWeaver setup: ignoring JPA class transformer
2025-04-07T00:18:51.472+05:30  INFO 6102 --- [Food-Donation-App] [main] com.zaxxer.hikari.HikariDataSource       : HikariPool-1 - Starting...
2025-04-07T00:18:51.555+05:30  INFO 6102 --- [Food-Donation-App] [main] com.zaxxer.hikari.pool.HikariPool        : HikariPool-1 - Added connection org.postgresql.jdbc.PgConnection@1fd37440
2025-04-07T00:18:51.555+05:30  INFO 6102 --- [Food-Donation-App] [main] com.zaxxer.hikari.HikariDataSource       : HikariPool-1 - Start completed.
2025-04-07T00:18:51.598+05:30  INFO 6102 --- [Food-Donation-App] [main] org.hibernate.orm.connections.pooling    : HHH10001005: Database info:
	Database JDBC URL [Connecting through datasource 'HikariDataSource (HikariPool-1)']
	Database driver: undefined/unknown
	Database version: 16.2
	Autocommit mode: undefined/unknown
	Isolation level: undefined/unknown
	Minimum pool size: undefined/unknown
	Maximum pool size: undefined/unknown
2025-04-07T00:18:51.914+05:30  INFO 6102 --- [Food-Donation-App] [main] o.h.e.t.j.p.i.JtaPlatformInitiator       : HHH000489: No JTA platform available (set 'hibernate.transaction.jta.platform' to enable JTA platform integration)
2025-04-07T00:18:51.950+05:30  INFO 6102 --- [Food-Donation-App] [main] j.LocalContainerEntityManagerFactoryBean : Initialized JPA EntityManagerFactory for persistence unit 'default'
2025-04-07T00:18:52.189+05:30  INFO 6102 --- [Food-Donation-App] [main] o.s.b.w.embedded.tomcat.TomcatWebServer  : Tomcat started on port 8080 (http) with context path '/'
2025-04-07T00:18:52.194+05:30  INFO 6102 --- [Food-Donation-App] [main] c.f.app.FoodDonationAppApplication       : Started FoodDonationAppApplication in 1.572 seconds (process running for 1.893)
2025-04-07T00:19:02.069+05:30  INFO 6102 --- [Food-Donation-App] [http-nio-0.0.0.0-8080-exec-1] o.a.c.c.C.[Tomcat].[localhost].[/]       : Initializing Spring DispatcherServlet 'dispatcherServlet'
2025-04-07T00:19:02.071+05:30  INFO 6102 --- [Food-Donation-App] [http-nio-0.0.0.0-8080-exec-1] o.s.web.servlet.DispatcherServlet        : Initializing Servlet 'dispatcherServlet'
2025-04-07T00:19:02.075+05:30  INFO 6102 --- [Food-Donation-App] [http-nio-0.0.0.0-8080-exec-1] o.s.web.servlet.DispatcherServlet        : Completed initialization in 4 ms
2025-04-07T00:20:37.241+05:30  INFO 6102 --- [Food-Donation-App] [RMI TCP Connection(11)-127.0.0.1] inMXBeanRegistrar$SpringApplicationAdmin : Application shutdown requested.
2025-04-07T00:20:37.255+05:30  INFO 6102 --- [Food-Donation-App] [RMI TCP Connection(11)-127.0.0.1] o.s.b.w.e.tomcat.GracefulShutdown        : Commencing graceful shutdown. Waiting for active requests to complete
2025-04-07T00:20:37.258+05:30  INFO 6102 --- [Food-Donation-App] [tomcat-shutdown] o.s.b.w.e.tomcat.GracefulShutdown        : Graceful shutdown complete
2025-04-07T00:20:37.261+05:30  INFO 6102 --- [Food-Donation-App] [RMI TCP Connection(11)-127.0.0.1] j.LocalContainerEntityManagerFactoryBean : Closing JPA EntityManagerFactory for persistence unit 'default'
2025-04-07T00:20:37.264+05:30  INFO 6102 --- [Food-Donation-App] [RMI TCP Connection(11)-127.0.0.1] com.zaxxer.hikari.HikariDataSource       : HikariPool-1 - Shutdown initiated...
2025-04-07T00:20:37.268+05:30  INFO 6102 --- [Food-Donation-App] [RMI TCP Connection(11)-127.0.0.1] com.zaxxer.hikari.HikariDataSource       : HikariPool-1 - Shutdown completed.
2025-04-07T00:20:38.206+05:30  INFO 6186 --- [Food-Donation-App] [main] c.f.app.FoodDonationAppApplication       : Starting FoodDonationAppApplication using Java 17.0.9 with PID 6186 (/Users/alisterclietus/Freelancing/Food-Donation-App/target/classes started by alisterclietus in /Users/alisterclietus/Freelancing/Food-Donation-App)
2025-04-07T00:20:38.207+05:30  INFO 6186 --- [Food-Donation-App] [main] c.f.app.FoodDonationAppApplication       : No active profile set, falling back to 1 default profile: "default"
2025-04-07T00:20:38.424+05:30  INFO 6186 --- [Food-Donation-App] [main] .s.d.r.c.RepositoryConfigurationDelegate : Bootstrapping Spring Data JPA repositories in DEFAULT mode.
2025-04-07T00:20:38.445+05:30  INFO 6186 --- [Food-Donation-App] [main] .s.d.r.c.RepositoryConfigurationDelegate : Finished Spring Data repository scanning in 17 ms. Found 3 JPA repository interfaces.
2025-04-07T00:20:38.607+05:30  INFO 6186 --- [Food-Donation-App] [main] o.s.b.w.embedded.tomcat.TomcatWebServer  : Tomcat initialized with port 8080 (http)
2025-04-07T00:20:38.612+05:30  INFO 6186 --- [Food-Donation-App] [main] o.apache.catalina.core.StandardService   : Starting service [Tomcat]
2025-04-07T00:20:38.613+05:30  INFO 6186 --- [Food-Donation-App] [main] o.apache.catalina.core.StandardEngine    : Starting Servlet engine: [Apache Tomcat/10.1.39]
2025-04-07T00:20:38.630+05:30  INFO 6186 --- [Food-Donation-App] [main] o.a.c.c.C.[Tomcat].[localhost].[/]       : Initializing Spring embedded WebApplicationContext
2025-04-07T00:20:38.630+05:30  INFO 6186 --- [Food-Donation-App] [main] w.s.c.ServletWebServerApplicationContext : Root WebApplicationContext: initialization completed in 410 ms
2025-04-07T00:20:38.682+05:30  INFO 6186 --- [Food-Donation-App] [main] o.hibernate.jpa.internal.util.LogHelper  : HHH000204: Processing PersistenceUnitInfo [name: default]
2025-04-07T00:20:38.704+05:30  INFO 6186 --- [Food-Donation-App] [main] org.hibernate.Version                    : HHH000412: Hibernate ORM core version 6.6.11.Final
2025-04-07T00:20:38.714+05:30  INFO 6186 --- [Food-Donation-App] [main] o.h.c.internal.RegionFactoryInitiator    : HHH000026: Second-level cache disabled
2025-04-07T00:20:38.807+05:30  INFO 6186 --- [Food-Donation-App] [main] o.s.o.j.p.SpringPersistenceUnitInfo      : No LoadTimeWeaver setup: ignoring JPA class transformer
2025-04-07T00:20:38.817+05:30  INFO 6186 --- [Food-Donation-App] [main] com.zaxxer.hikari.HikariDataSource       : HikariPool-1 - Starting...
2025-04-07T00:20:38.878+05:30  INFO 6186 --- [Food-Donation-App] [main] com.zaxxer.hikari.pool.HikariPool        : HikariPool-1 - Added connection org.postgresql.jdbc.PgConnection@a95cb11
2025-04-07T00:20:38.878+05:30  INFO 6186 --- [Food-Donation-App] [main] com.zaxxer.hikari.HikariDataSource       : HikariPool-1 - Start completed.
2025-04-07T00:20:38.910+05:30  INFO 6186 --- [Food-Donation-App] [main] org.hibernate.orm.connections.pooling    : HHH10001005: Database info:
	Database JDBC URL [Connecting through datasource 'HikariDataSource (HikariPool-1)']
	Database driver: undefined/unknown
	Database version: 16.2
	Autocommit mode: undefined/unknown
	Isolation level: undefined/unknown
	Minimum pool size: undefined/unknown
	Maximum pool size: undefined/unknown
2025-04-07T00:20:39.207+05:30  INFO 6186 --- [Food-Donation-App] [main] o.h.e.t.j.p.i.JtaPlatformInitiator       : HHH000489: No JTA platform available (set 'hibernate.transaction.jta.platform' to enable JTA platform integration)
2025-04-07T00:20:39.235+05:30  INFO 6186 --- [Food-Donation-App] [main] j.LocalContainerEntityManagerFactoryBean : Initialized JPA EntityManagerFactory for persistence unit 'default'
2025-04-07T00:20:39.470+05:30  INFO 6186 --- [Food-Donation-App] [main] o.s.b.w.embedded.tomcat.TomcatWebServer  : Tomcat started on port 8080 (http) with context path '/'
2025-04-07T00:20:39.474+05:30  INFO 6186 --- [Food-Donation-App] [main] c.f.app.FoodDonationAppApplication       : Started FoodDonationAppApplication in 1.41 seconds (process running for 1.659)
2025-04-07T00:20:49.485+05:30  INFO 6186 --- [Food-Donation-App] [http-nio-0.0.0.0-8080-exec-1] o.a.c.c.C.[Tomcat].[localhost].[/]       : Initializing Spring DispatcherServlet 'dispatcherServlet'
2025-04-07T00:20:49.487+05:30  INFO 6186 --- [Food-Donation-App] [http-nio-0.0.0.0-8080-exec-1] o.s.web.servlet.DispatcherServlet        : Initializing Servlet 'dispatcherServlet'
2025-04-07T00:20:49.491+05:30  INFO 6186 --- [Food-Donation-App] [http-nio-0.0.0.0-8080-exec-1] o.s.web.servlet.DispatcherServlet        : Completed initialization in 4 ms
2025-04-07T00:21:05.691+05:30  INFO 6186 --- [Food-Donation-App] [RMI TCP Connection(8)-127.0.0.1] inMXBeanRegistrar$SpringApplicationAdmin : Application shutdown requested.
2025-04-07T00:21:05.694+05:30  INFO 6186 --- [Food-Donation-App] [RMI TCP Connection(8)-127.0.0.1] o.s.b.w.e.tomcat.GracefulShutdown        : Commencing graceful shutdown. Waiting for active requests to complete
2025-04-07T00:21:05.696+05:30  INFO 6186 --- [Food-Donation-App] [tomcat-shutdown] o.s.b.w.e.tomcat.GracefulShutdown        : Graceful shutdown complete
2025-04-07T00:21:05.698+05:30  INFO 6186 --- [Food-Donation-App] [RMI TCP Connection(8)-127.0.0.1] j.LocalContainerEntityManagerFactoryBean : Closing JPA EntityManagerFactory for persistence unit 'default'
2025-04-07T00:21:05.703+05:30  INFO 6186 --- [Food-Donation-App] [RMI TCP Connection(8)-127.0.0.1] com.zaxxer.hikari.HikariDataSource       : HikariPool-1 - Shutdown initiated...
2025-04-07T00:21:05.706+05:30  INFO 6186 --- [Food-Donation-App] [RMI TCP Connection(8)-127.0.0.1] com.zaxxer.hikari.HikariDataSource       : HikariPool-1 - Shutdown completed.
2025-04-07T00:21:11.750+05:30  INFO 6223 --- [Food-Donation-App] [main] c.f.app.FoodDonationAppApplication       : Starting FoodDonationAppApplication using Java 17.0.9 with PID 6223 (/Users/alisterclietus/Freelancing/Food-Donation-App/target/classes started by alisterclietus in /Users/alisterclietus/Freelancing/Food-Donation-App)
2025-04-07T00:21:11.751+05:30  INFO 6223 --- [Food-Donation-App] [main] c.f.app.FoodDonationAppApplication       : No active profile set, falling back to 1 default profile: "default"
2025-04-07T00:21:11.985+05:30  INFO 6223 --- [Food-Donation-App] [main] .s.d.r.c.RepositoryConfigurationDelegate : Bootstrapping Spring Data JPA repositories in DEFAULT mode.
2025-04-07T00:21:12.005+05:30  INFO 6223 --- [Food-Donation-App] [main] .s.d.r.c.RepositoryConfigurationDelegate : Finished Spring Data repository scanning in 17 ms. Found 3 JPA repository interfaces.
2025-04-07T00:21:12.169+05:30  INFO 6223 --- [Food-Donation-App] [main] o.s.b.w.embedded.tomcat.TomcatWebServer  : Tomcat initialized with port 8080 (http)
2025-04-07T00:21:12.175+05:30  INFO 6223 --- [Food-Donation-App] [main] o.apache.catalina.core.StandardService   : Starting service [Tomcat]
2025-04-07T00:21:12.175+05:30  INFO 6223 --- [Food-Donation-App] [main] o.apache.catalina.core.StandardEngine    : Starting Servlet engine: [Apache Tomcat/10.1.39]
2025-04-07T00:21:12.193+05:30  INFO 6223 --- [Food-Donation-App] [main] o.a.c.c.C.[Tomcat].[localhost].[/]       : Initializing Spring embedded WebApplicationContext
2025-04-07T00:21:12.193+05:30  INFO 6223 --- [Food-Donation-App] [main] w.s.c.ServletWebServerApplicationContext : Root WebApplicationContext: initialization completed in 420 ms
2025-04-07T00:21:12.246+05:30  INFO 6223 --- [Food-Donation-App] [main] o.hibernate.jpa.internal.util.LogHelper  : HHH000204: Processing PersistenceUnitInfo [name: default]
2025-04-07T00:21:12.267+05:30  INFO 6223 --- [Food-Donation-App] [main] org.hibernate.Version                    : HHH000412: Hibernate ORM core version 6.6.11.Final
2025-04-07T00:21:12.279+05:30  INFO 6223 --- [Food-Donation-App] [main] o.h.c.internal.RegionFactoryInitiator    : HHH000026: Second-level cache disabled
2025-04-07T00:21:12.371+05:30  INFO 6223 --- [Food-Donation-App] [main] o.s.o.j.p.SpringPersistenceUnitInfo      : No LoadTimeWeaver setup: ignoring JPA class transformer
2025-04-07T00:21:12.383+05:30  INFO 6223 --- [Food-Donation-App] [main] com.zaxxer.hikari.HikariDataSource       : HikariPool-1 - Starting...
2025-04-07T00:21:12.452+05:30  INFO 6223 --- [Food-Donation-App] [main] com.zaxxer.hikari.pool.HikariPool        : HikariPool-1 - Added connection org.postgresql.jdbc.PgConnection@315b5913
2025-04-07T00:21:12.452+05:30  INFO 6223 --- [Food-Donation-App] [main] com.zaxxer.hikari.HikariDataSource       : HikariPool-1 - Start completed.
2025-04-07T00:21:12.481+05:30  INFO 6223 --- [Food-Donation-App] [main] org.hibernate.orm.connections.pooling    : HHH10001005: Database info:
	Database JDBC URL [Connecting through datasource 'HikariDataSource (HikariPool-1)']
	Database driver: undefined/unknown
	Database version: 16.2
	Autocommit mode: undefined/unknown
	Isolation level: undefined/unknown
	Minimum pool size: undefined/unknown
	Maximum pool size: undefined/unknown
2025-04-07T00:21:12.780+05:30  INFO 6223 --- [Food-Donation-App] [main] o.h.e.t.j.p.i.JtaPlatformInitiator       : HHH000489: No JTA platform available (set 'hibernate.transaction.jta.platform' to enable JTA platform integration)
2025-04-07T00:21:12.808+05:30  INFO 6223 --- [Food-Donation-App] [main] j.LocalContainerEntityManagerFactoryBean : Initialized JPA EntityManagerFactory for persistence unit 'default'
2025-04-07T00:21:13.046+05:30  INFO 6223 --- [Food-Donation-App] [main] o.s.b.w.embedded.tomcat.TomcatWebServer  : Tomcat started on port 8080 (http) with context path '/'
2025-04-07T00:21:13.051+05:30  INFO 6223 --- [Food-Donation-App] [main] c.f.app.FoodDonationAppApplication       : Started FoodDonationAppApplication in 1.459 seconds (process running for 1.722)
2025-04-07T00:21:14.353+05:30  INFO 6223 --- [Food-Donation-App] [http-nio-0.0.0.0-8080-exec-1] o.a.c.c.C.[Tomcat].[localhost].[/]       : Initializing Spring DispatcherServlet 'dispatcherServlet'
2025-04-07T00:21:14.353+05:30  INFO 6223 --- [Food-Donation-App] [http-nio-0.0.0.0-8080-exec-1] o.s.web.servlet.DispatcherServlet        : Initializing Servlet 'dispatcherServlet'
2025-04-07T00:21:14.355+05:30  INFO 6223 --- [Food-Donation-App] [http-nio-0.0.0.0-8080-exec-1] o.s.web.servlet.DispatcherServlet        : Completed initialization in 1 ms
2025-04-07T03:09:08.804+05:30  WARN 6223 --- [Food-Donation-App] [HikariPool-1 housekeeper] com.zaxxer.hikari.pool.HikariPool        : HikariPool-1 - Thread starvation or clock leap detected (housekeeper delta=15m54s886ms).
2025-04-07T03:49:52.455+05:30  WARN 6223 --- [Food-Donation-App] [HikariPool-1 housekeeper] com.zaxxer.hikari.pool.HikariPool        : HikariPool-1 - Thread starvation or clock leap detected (housekeeper delta=40m43s657ms).
2025-04-07T04:30:36.116+05:30  WARN 6223 --- [Food-Donation-App] [HikariPool-1 housekeeper] com.zaxxer.hikari.pool.HikariPool        : HikariPool-1 - Thread starvation or clock leap detected (housekeeper delta=40m43s660ms).
2025-04-07T05:04:29.866+05:30  WARN 6223 --- [Food-Donation-App] [HikariPool-1 housekeeper] com.zaxxer.hikari.pool.HikariPool        : HikariPool-1 - Thread starvation or clock leap detected (housekeeper delta=33m53s751ms).
2025-04-07T05:29:34.953+05:30  WARN 6223 --- [Food-Donation-App] [HikariPool-1 housekeeper] com.zaxxer.hikari.pool.HikariPool        : HikariPool-1 - Thread starvation or clock leap detected (housekeeper delta=25m5s88ms).
2025-04-07T05:48:29.219+05:30  WARN 6223 --- [Food-Donation-App] [HikariPool-1 housekeeper] com.zaxxer.hikari.pool.HikariPool        : HikariPool-1 - Thread starvation or clock leap detected (housekeeper delta=18m54s266ms).
2025-04-07T06:10:41.256+05:30  WARN 6223 --- [Food-Donation-App] [HikariPool-1 housekeeper] com.zaxxer.hikari.pool.HikariPool        : HikariPool-1 - Thread starvation or clock leap detected (housekeeper delta=22m12s37ms).
2025-04-07T06:24:10.289+05:30  WARN 6223 --- [Food-Donation-App] [HikariPool-1 housekeeper] com.zaxxer.hikari.pool.HikariPool        : HikariPool-1 - Thread starvation or clock leap detected (housekeeper delta=12m59s11ms).
2025-04-07T06:25:32.958+05:30  INFO 6223 --- [Food-Donation-App] [RMI TCP Connection(169)-127.0.0.1] inMXBeanRegistrar$SpringApplicationAdmin : Application shutdown requested.
2025-04-07T06:25:33.008+05:30  INFO 6223 --- [Food-Donation-App] [RMI TCP Connection(169)-127.0.0.1] o.s.b.w.e.tomcat.GracefulShutdown        : Commencing graceful shutdown. Waiting for active requests to complete
2025-04-07T06:25:33.013+05:30  INFO 6223 --- [Food-Donation-App] [tomcat-shutdown] o.s.b.w.e.tomcat.GracefulShutdown        : Graceful shutdown complete
2025-04-07T06:25:33.030+05:30  INFO 6223 --- [Food-Donation-App] [RMI TCP Connection(169)-127.0.0.1] j.LocalContainerEntityManagerFactoryBean : Closing JPA EntityManagerFactory for persistence unit 'default'
2025-04-07T06:25:33.045+05:30  INFO 6223 --- [Food-Donation-App] [RMI TCP Connection(169)-127.0.0.1] com.zaxxer.hikari.HikariDataSource       : HikariPool-1 - Shutdown initiated...
2025-04-07T06:25:33.050+05:30  INFO 6223 --- [Food-Donation-App] [RMI TCP Connection(169)-127.0.0.1] com.zaxxer.hikari.HikariDataSource       : HikariPool-1 - Shutdown completed.
